<?xml version="1.0" encoding="UTF-8"?>
<Site BuildName="(empty)"
	BuildStamp="20231002-0131-Experimental"
	Name="(empty)"
	Generator="ctest-3.22.1"
	CompilerName=""
	CompilerVersion=""
	OSName="Linux"
	Hostname="LAPTOP-K59Q4A7L"
	OSRelease="5.15.90.1-microsoft-standard-WSL2"
	OSVersion="#1 SMP Fri Jan 27 02:56:13 UTC 2023"
	OSPlatform="x86_64"
	Is64Bits="1"
	VendorString="GenuineIntel"
	VendorID="Intel Corporation"
	FamilyID="6"
	ModelID="140"
	ProcessorCacheSize="8192"
	NumberOfLogicalCPU="8"
	NumberOfPhysicalCPU="4"
	TotalVirtualMemory="2048"
	TotalPhysicalMemory="7835"
	LogicalProcessorsPerPhysical="2"
	ProcessorClockFrequency="3187.2"
	>
	<Testing>
		<StartDateTime>Oct 01 21:31 EDT</StartDateTime>
		<StartTestTime>1696210288</StartTestTime>
		<TestList/>
		<EndDateTime>Oct 01 21:31 EDT</EndDateTime>
		<EndTestTime>1696210289</EndTestTime>
		<ElapsedMinutes>0</ElapsedMinutes>
	</Testing>
</Site>
